<?xml version="1.0" encoding="UTF-8"?>
<!-- Generated by org.testng.reporters.JUnitReportReporter -->
<testsuite hostname="6BBWN93" failures="0" tests="1" name="runner.ParallelRun" time="46.581" errors="0" timestamp="2022-02-04T09:04:54 IST" skipped="0">
  <testcase classname="runner.ParallelRun" name="runScenario" time="46.581"/>
  <system-out/>
</testsuite> <!-- runner.ParallelRun -->
