<?xml version="1.0" encoding="UTF-8"?>
<!-- Generated by org.testng.reporters.JUnitReportReporter -->
<testsuite hostname="6BBWN93" failures="0" tests="1" name="runner.ParallelRun" time="50.397" errors="0" timestamp="2022-02-04T22:24:13 IST" skipped="0">
  <testcase classname="runner.ParallelRun" name="runScenario" time="50.397"/>
  <system-out/>
</testsuite> <!-- runner.ParallelRun -->
